[debug] [2025-02-22T20:44:40.521Z] ----------------------------------------------------------------------
[debug] [2025-02-22T20:44:40.526Z] Command:       C:\Program Files\nodejs\node.exe C:\Users\ADMIN\AppData\Roaming\npm\node_modules\firebase-tools\lib\bin\firebase.js init
[debug] [2025-02-22T20:44:40.527Z] CLI Version:   13.31.2
[debug] [2025-02-22T20:44:40.527Z] Platform:      win32
[debug] [2025-02-22T20:44:40.527Z] Node Version:  v22.13.1
[debug] [2025-02-22T20:44:40.528Z] Time:          Sat Feb 22 2025 22:44:40 GMT+0200 (South Africa Standard Time)
[debug] [2025-02-22T20:44:40.528Z] ----------------------------------------------------------------------
[debug] 
[debug] [2025-02-22T20:44:40.545Z] > command requires scopes: ["email","openid","https://www.googleapis.com/auth/cloudplatformprojects.readonly","https://www.googleapis.com/auth/firebase","https://www.googleapis.com/auth/cloud-platform"]
[debug] [2025-02-22T20:44:40.546Z] > authorizing via signed-in user (this.enable@gmail.com)
[info] 
     ######## #### ########  ######## ########     ###     ######  ########
     ##        ##  ##     ## ##       ##     ##  ##   ##  ##       ##
     ######    ##  ########  ######   ########  #########  ######  ######
     ##        ##  ##    ##  ##       ##     ## ##     ##       ## ##
     ##       #### ##     ## ######## ########  ##     ##  ######  ########

You're about to initialize a Firebase project in this directory:

  C:\Users\ADMIN\OneDrive\D\Marand\Test\simple_firebase_project

[info] 
=== Project Setup
[info] 
[info] First, let's associate this project directory with a Firebase project.
[info] You can create multiple project aliases by running firebase use --add, 
[info] but for now we'll just set up a default project.
[info] 
[debug] [2025-02-22T20:46:42.165Z] Checked if tokens are valid: false, expires at: 1740251608572
[debug] [2025-02-22T20:46:42.165Z] Checked if tokens are valid: false, expires at: 1740251608572
[debug] [2025-02-22T20:46:42.166Z] > refreshing access token with scopes: []
[debug] [2025-02-22T20:46:42.170Z] >>> [apiv2][query] POST https://www.googleapis.com/oauth2/v3/token [none]
[debug] [2025-02-22T20:46:42.170Z] >>> [apiv2][body] POST https://www.googleapis.com/oauth2/v3/token [omitted]
[debug] [2025-02-22T20:46:42.877Z] <<< [apiv2][status] POST https://www.googleapis.com/oauth2/v3/token 200
[debug] [2025-02-22T20:46:42.878Z] <<< [apiv2][body] POST https://www.googleapis.com/oauth2/v3/token [omitted]
[debug] [2025-02-22T20:46:42.890Z] >>> [apiv2][query] GET https://firebase.googleapis.com/v1beta1/projects pageSize=100
[debug] [2025-02-22T20:46:43.728Z] <<< [apiv2][status] GET https://firebase.googleapis.com/v1beta1/projects 200
[debug] [2025-02-22T20:46:43.729Z] <<< [apiv2][body] GET https://firebase.googleapis.com/v1beta1/projects [omitted]
[info] i  Using project grid-2613b (Grid) 
[info] 
=== Firestore Setup
[debug] [2025-02-22T20:46:53.966Z] Checked if tokens are valid: true, expires at: 1740260801878
[debug] [2025-02-22T20:46:53.967Z] Checked if tokens are valid: true, expires at: 1740260801878
[debug] [2025-02-22T20:46:53.967Z] >>> [apiv2][query] GET https://serviceusage.googleapis.com/v1/projects/grid-2613b/services/firestore.googleapis.com [none]
[debug] [2025-02-22T20:46:53.967Z] >>> [apiv2][(partial)header] GET https://serviceusage.googleapis.com/v1/projects/grid-2613b/services/firestore.googleapis.com x-goog-quota-user=projects/grid-2613b
[debug] [2025-02-22T20:46:56.207Z] <<< [apiv2][status] GET https://serviceusage.googleapis.com/v1/projects/grid-2613b/services/firestore.googleapis.com 200
[debug] [2025-02-22T20:46:56.207Z] <<< [apiv2][body] GET https://serviceusage.googleapis.com/v1/projects/grid-2613b/services/firestore.googleapis.com [omitted]
[debug] [2025-02-22T20:46:56.208Z] Checked if tokens are valid: true, expires at: 1740260801878
[debug] [2025-02-22T20:46:56.208Z] Checked if tokens are valid: true, expires at: 1740260801878
[debug] [2025-02-22T20:46:56.208Z] >>> [apiv2][query] GET https://firestore.googleapis.com/v1/projects/grid-2613b/databases/(default) [none]
[debug] [2025-02-22T20:46:58.304Z] <<< [apiv2][status] GET https://firestore.googleapis.com/v1/projects/grid-2613b/databases/(default) 200
[debug] [2025-02-22T20:46:58.305Z] <<< [apiv2][body] GET https://firestore.googleapis.com/v1/projects/grid-2613b/databases/(default) {"name":"projects/grid-2613b/databases/(default)","uid":"2b96e94d-0db3-4296-a39e-c42d3849283f","createTime":"2022-09-28T18:45:58.638337Z","updateTime":"2022-09-28T18:45:58.638337Z","locationId":"nam5","type":"FIRESTORE_NATIVE","concurrencyMode":"PESSIMISTIC","versionRetentionPeriod":"3600s","earliestVersionTime":"2025-02-22T19:47:05.587742Z","appEngineIntegrationMode":"ENABLED","keyPrefix":"s","pointInTimeRecoveryEnablement":"POINT_IN_TIME_RECOVERY_DISABLED","deleteProtectionState":"DELETE_PROTECTION_DISABLED","databaseEdition":"STANDARD","etag":"IIbz/q2T2IsDMKvrtLH73okD"}
[debug] [2025-02-22T20:46:58.305Z] database_type: FIRESTORE_NATIVE
[debug] [2025-02-22T20:46:58.305Z] database_type: FIRESTORE_NATIVE
[debug] [2025-02-22T20:46:58.305Z] > command requires scopes: ["email","openid","https://www.googleapis.com/auth/cloudplatformprojects.readonly","https://www.googleapis.com/auth/firebase","https://www.googleapis.com/auth/cloud-platform"]
[debug] [2025-02-22T20:46:58.306Z] > authorizing via signed-in user (this.enable@gmail.com)
[debug] [2025-02-22T20:46:58.306Z] [iam] checking project grid-2613b for permissions ["firebase.projects.get"]
[debug] [2025-02-22T20:46:58.306Z] Checked if tokens are valid: true, expires at: 1740260801878
[debug] [2025-02-22T20:46:58.307Z] Checked if tokens are valid: true, expires at: 1740260801878
[debug] [2025-02-22T20:46:58.307Z] >>> [apiv2][query] POST https://cloudresourcemanager.googleapis.com/v1/projects/grid-2613b:testIamPermissions [none]
[debug] [2025-02-22T20:46:58.307Z] >>> [apiv2][(partial)header] POST https://cloudresourcemanager.googleapis.com/v1/projects/grid-2613b:testIamPermissions x-goog-quota-user=projects/grid-2613b
[debug] [2025-02-22T20:46:58.307Z] >>> [apiv2][body] POST https://cloudresourcemanager.googleapis.com/v1/projects/grid-2613b:testIamPermissions {"permissions":["firebase.projects.get"]}
[debug] [2025-02-22T20:46:59.683Z] <<< [apiv2][status] POST https://cloudresourcemanager.googleapis.com/v1/projects/grid-2613b:testIamPermissions 200
[debug] [2025-02-22T20:46:59.684Z] <<< [apiv2][body] POST https://cloudresourcemanager.googleapis.com/v1/projects/grid-2613b:testIamPermissions {"permissions":["firebase.projects.get"]}
[info] 
[info] Firestore Security Rules allow you to define how and when to allow
[info] requests. You can keep these rules in your project directory
[info] and publish them with firebase deploy.
[info] 
[debug] [2025-02-22T20:47:10.600Z] Checked if tokens are valid: true, expires at: 1740260801878
[debug] [2025-02-22T20:47:10.601Z] Checked if tokens are valid: true, expires at: 1740260801878
[debug] [2025-02-22T20:47:10.601Z] >>> [apiv2][query] GET https://firebaserules.googleapis.com/v1/projects/grid-2613b/releases pageSize=10&pageToken=
[debug] [2025-02-22T20:47:12.037Z] <<< [apiv2][status] GET https://firebaserules.googleapis.com/v1/projects/grid-2613b/releases 200
[debug] [2025-02-22T20:47:12.037Z] <<< [apiv2][body] GET https://firebaserules.googleapis.com/v1/projects/grid-2613b/releases {"releases":[{"name":"projects/grid-2613b/releases/cloud.firestore","rulesetName":"projects/grid-2613b/rulesets/45fd95aa-3ec9-41bd-9225-5cf5972d34b5","createTime":"2022-09-28T18:46:17.871680Z","updateTime":"2022-09-28T18:46:17.871680Z"}]}
[debug] [2025-02-22T20:47:12.038Z] Found ruleset: projects/grid-2613b/rulesets/45fd95aa-3ec9-41bd-9225-5cf5972d34b5
[debug] [2025-02-22T20:47:12.038Z] Checked if tokens are valid: true, expires at: 1740260801878
[debug] [2025-02-22T20:47:12.038Z] Checked if tokens are valid: true, expires at: 1740260801878
[debug] [2025-02-22T20:47:12.038Z] >>> [apiv2][query] GET https://firebaserules.googleapis.com/v1/projects/grid-2613b/rulesets/45fd95aa-3ec9-41bd-9225-5cf5972d34b5 [none]
[debug] [2025-02-22T20:47:12.933Z] <<< [apiv2][status] GET https://firebaserules.googleapis.com/v1/projects/grid-2613b/rulesets/45fd95aa-3ec9-41bd-9225-5cf5972d34b5 200
[debug] [2025-02-22T20:47:12.934Z] <<< [apiv2][body] GET https://firebaserules.googleapis.com/v1/projects/grid-2613b/rulesets/45fd95aa-3ec9-41bd-9225-5cf5972d34b5 [omitted]
[info] 
[info] Firestore indexes allow you to perform complex queries while
[info] maintaining performance that scales with the size of the result
[info] set. You can keep index definitions in your project directory
[info] and publish them with firebase deploy.
[info] 
[debug] [2025-02-22T20:47:19.256Z] Checked if tokens are valid: true, expires at: 1740260801878
[debug] [2025-02-22T20:47:19.256Z] Checked if tokens are valid: true, expires at: 1740260801878
[debug] [2025-02-22T20:47:19.256Z] Checked if tokens are valid: true, expires at: 1740260801878
[debug] [2025-02-22T20:47:19.256Z] Checked if tokens are valid: true, expires at: 1740260801878
[debug] [2025-02-22T20:47:19.256Z] >>> [apiv2][query] GET https://firestore.googleapis.com/v1/projects/grid-2613b/databases/(default)/collectionGroups/-/indexes [none]
[debug] [2025-02-22T20:47:19.260Z] >>> [apiv2][query] GET https://firestore.googleapis.com/v1/projects/grid-2613b/databases/(default)/collectionGroups/-/fields?filter=indexConfig.usesAncestorConfig=false OR ttlConfig:* [none]
[debug] [2025-02-22T20:47:21.336Z] <<< [apiv2][status] GET https://firestore.googleapis.com/v1/projects/grid-2613b/databases/(default)/collectionGroups/-/indexes 200
[debug] [2025-02-22T20:47:21.336Z] <<< [apiv2][body] GET https://firestore.googleapis.com/v1/projects/grid-2613b/databases/(default)/collectionGroups/-/indexes {}
[debug] [2025-02-22T20:47:21.337Z] <<< [apiv2][status] GET https://firestore.googleapis.com/v1/projects/grid-2613b/databases/(default)/collectionGroups/-/fields?filter=indexConfig.usesAncestorConfig=false OR ttlConfig:* 200
[debug] [2025-02-22T20:47:21.337Z] <<< [apiv2][body] GET https://firestore.googleapis.com/v1/projects/grid-2613b/databases/(default)/collectionGroups/-/fields?filter=indexConfig.usesAncestorConfig=false OR ttlConfig:* {"fields":[{"name":"projects/grid-2613b/databases/(default)/collectionGroups/__default__/fields/*","indexConfig":{"indexes":[{"queryScope":"COLLECTION","fields":[{"fieldPath":"*","order":"ASCENDING"}],"state":"READY"},{"queryScope":"COLLECTION","fields":[{"fieldPath":"*","order":"DESCENDING"}],"state":"READY"},{"queryScope":"COLLECTION","fields":[{"fieldPath":"*","arrayConfig":"CONTAINS"}],"state":"READY"}]}}]}
[info] 
=== Functions Setup
[debug] [2025-02-22T20:47:21.341Z] > command requires scopes: ["email","openid","https://www.googleapis.com/auth/cloudplatformprojects.readonly","https://www.googleapis.com/auth/firebase","https://www.googleapis.com/auth/cloud-platform"]
[debug] [2025-02-22T20:47:21.341Z] > authorizing via signed-in user (this.enable@gmail.com)
[debug] [2025-02-22T20:47:21.341Z] [iam] checking project grid-2613b for permissions ["firebase.projects.get"]
[debug] [2025-02-22T20:47:21.342Z] Checked if tokens are valid: true, expires at: 1740260801878
[debug] [2025-02-22T20:47:21.342Z] Checked if tokens are valid: true, expires at: 1740260801878
[debug] [2025-02-22T20:47:21.342Z] >>> [apiv2][query] POST https://cloudresourcemanager.googleapis.com/v1/projects/grid-2613b:testIamPermissions [none]
[debug] [2025-02-22T20:47:21.342Z] >>> [apiv2][(partial)header] POST https://cloudresourcemanager.googleapis.com/v1/projects/grid-2613b:testIamPermissions x-goog-quota-user=projects/grid-2613b
[debug] [2025-02-22T20:47:21.343Z] >>> [apiv2][body] POST https://cloudresourcemanager.googleapis.com/v1/projects/grid-2613b:testIamPermissions {"permissions":["firebase.projects.get"]}
[debug] [2025-02-22T20:47:22.528Z] <<< [apiv2][status] POST https://cloudresourcemanager.googleapis.com/v1/projects/grid-2613b:testIamPermissions 200
[debug] [2025-02-22T20:47:22.528Z] <<< [apiv2][body] POST https://cloudresourcemanager.googleapis.com/v1/projects/grid-2613b:testIamPermissions {"permissions":["firebase.projects.get"]}
[debug] [2025-02-22T20:47:22.529Z] Checked if tokens are valid: true, expires at: 1740260801878
[debug] [2025-02-22T20:47:22.529Z] Checked if tokens are valid: true, expires at: 1740260801878
[debug] [2025-02-22T20:47:22.529Z] Checked if tokens are valid: true, expires at: 1740260801878
[debug] [2025-02-22T20:47:22.529Z] Checked if tokens are valid: true, expires at: 1740260801878
[debug] [2025-02-22T20:47:22.529Z] >>> [apiv2][query] GET https://serviceusage.googleapis.com/v1/projects/grid-2613b/services/cloudfunctions.googleapis.com [none]
[debug] [2025-02-22T20:47:22.529Z] >>> [apiv2][(partial)header] GET https://serviceusage.googleapis.com/v1/projects/grid-2613b/services/cloudfunctions.googleapis.com x-goog-quota-user=projects/grid-2613b
[debug] [2025-02-22T20:47:22.534Z] >>> [apiv2][query] GET https://serviceusage.googleapis.com/v1/projects/grid-2613b/services/runtimeconfig.googleapis.com [none]
[debug] [2025-02-22T20:47:22.534Z] >>> [apiv2][(partial)header] GET https://serviceusage.googleapis.com/v1/projects/grid-2613b/services/runtimeconfig.googleapis.com x-goog-quota-user=projects/grid-2613b
[debug] [2025-02-22T20:47:24.530Z] <<< [apiv2][status] GET https://serviceusage.googleapis.com/v1/projects/grid-2613b/services/runtimeconfig.googleapis.com 200
[debug] [2025-02-22T20:47:24.530Z] <<< [apiv2][body] GET https://serviceusage.googleapis.com/v1/projects/grid-2613b/services/runtimeconfig.googleapis.com [omitted]
[debug] [2025-02-22T20:47:24.532Z] <<< [apiv2][status] GET https://serviceusage.googleapis.com/v1/projects/grid-2613b/services/cloudfunctions.googleapis.com 200
[debug] [2025-02-22T20:47:24.532Z] <<< [apiv2][body] GET https://serviceusage.googleapis.com/v1/projects/grid-2613b/services/cloudfunctions.googleapis.com [omitted]
[debug] [2025-02-22T20:47:24.532Z] Checked if tokens are valid: true, expires at: 1740260801878
[debug] [2025-02-22T20:47:24.532Z] Checked if tokens are valid: true, expires at: 1740260801878
[debug] [2025-02-22T20:47:24.533Z] >>> [apiv2][query] POST https://serviceusage.googleapis.com/v1/projects/grid-2613b/services/cloudfunctions.googleapis.com:enable [none]
[debug] [2025-02-22T20:47:24.533Z] >>> [apiv2][(partial)header] POST https://serviceusage.googleapis.com/v1/projects/grid-2613b/services/cloudfunctions.googleapis.com:enable x-goog-quota-user=projects/grid-2613b
[debug] [2025-02-22T20:47:26.632Z] <<< [apiv2][status] POST https://serviceusage.googleapis.com/v1/projects/grid-2613b/services/cloudfunctions.googleapis.com:enable 200
[debug] [2025-02-22T20:47:26.632Z] <<< [apiv2][body] POST https://serviceusage.googleapis.com/v1/projects/grid-2613b/services/cloudfunctions.googleapis.com:enable [omitted]
[debug] [2025-02-22T20:47:36.644Z] Checked if tokens are valid: true, expires at: 1740260801878
[debug] [2025-02-22T20:47:36.645Z] Checked if tokens are valid: true, expires at: 1740260801878
[debug] [2025-02-22T20:47:36.645Z] >>> [apiv2][query] GET https://serviceusage.googleapis.com/v1/projects/grid-2613b/services/cloudfunctions.googleapis.com [none]
[debug] [2025-02-22T20:47:36.645Z] >>> [apiv2][(partial)header] GET https://serviceusage.googleapis.com/v1/projects/grid-2613b/services/cloudfunctions.googleapis.com x-goog-quota-user=projects/grid-2613b
[debug] [2025-02-22T20:47:38.633Z] <<< [apiv2][status] GET https://serviceusage.googleapis.com/v1/projects/grid-2613b/services/cloudfunctions.googleapis.com 200
[debug] [2025-02-22T20:47:38.633Z] <<< [apiv2][body] GET https://serviceusage.googleapis.com/v1/projects/grid-2613b/services/cloudfunctions.googleapis.com [omitted]
[info] Let's create a new codebase for your functions.
[info] A directory corresponding to the codebase will be created in your project
[info] with sample code pre-configured.

[info] See https://firebase.google.com/docs/functions/organize-functions for
[info] more information on organizing your functions using codebases.

[info] Functions can be deployed with firebase deploy.

[info] +  Wrote functions/package.json 
[info] +  Wrote functions/index.js 
[info] +  Wrote functions/.gitignore 
[info] 
=== Hosting Setup
[debug] [2025-02-22T20:50:05.906Z] Checked if tokens are valid: true, expires at: 1740260801878
[debug] [2025-02-22T20:50:05.906Z] Checked if tokens are valid: true, expires at: 1740260801878
[debug] [2025-02-22T20:50:05.907Z] >>> [apiv2][query] GET https://firebase.googleapis.com/v1beta1/projects/grid-2613b [none]
[debug] [2025-02-22T20:50:07.340Z] <<< [apiv2][status] GET https://firebase.googleapis.com/v1beta1/projects/grid-2613b 200
[debug] [2025-02-22T20:50:07.341Z] <<< [apiv2][body] GET https://firebase.googleapis.com/v1beta1/projects/grid-2613b {"projectId":"grid-2613b","projectNumber":"96517833781","displayName":"Grid","name":"projects/grid-2613b","resources":{"hostingSite":"grid-2613b","locationId":"us-central"},"state":"ACTIVE","etag":"1_442b714c-bc82-4bab-9950-86aa594778b7"}
[info] 
[info] Your public directory is the folder (relative to your project directory) that
[info] will contain Hosting assets to be uploaded with firebase deploy. If you
[info] have a build process for your assets, use your build's output directory.
[info] 
[info] +  Wrote static/404.html 
[debug] [2025-02-22T20:51:01.682Z] >>> [apiv2][query] GET https://www.gstatic.com/firebasejs/releases.json [none]
[debug] [2025-02-22T20:51:02.678Z] <<< [apiv2][status] GET https://www.gstatic.com/firebasejs/releases.json 200
[debug] [2025-02-22T20:51:02.678Z] <<< [apiv2][body] GET https://www.gstatic.com/firebasejs/releases.json {"current":{"version":"11.3.1","browserURL":"https://www.gstatic.com/firebasejs/11.3.1/firebase.js","packageURL":"https://www.gstatic.com/firebasejs/11.3.1/firebase.tgz"},"live":{"version":"11.3","browserURL":"https://www.gstatic.com/firebasejs/live/11.3/firebase.js","packageURL":"https://www.gstatic.com/firebasejs/live/11.3/firebase.tgz"},"components":{"analytics":"https://www.gstatic.com/firebasejs/11.3.1/firebase-analytics.js","app":"https://www.gstatic.com/firebasejs/11.3.1/firebase-app.js","app-check":"https://www.gstatic.com/firebasejs/11.3.1/firebase-app-check.js","auth":"https://www.gstatic.com/firebasejs/11.3.1/firebase-auth.js","auth/cordova":"https://www.gstatic.com/firebasejs/11.3.1/firebase-auth/cordova.js","auth/web-extension":"https://www.gstatic.com/firebasejs/11.3.1/firebase-auth/web-extension.js","functions":"https://www.gstatic.com/firebasejs/11.3.1/firebase-functions.js","firestore":"https://www.gstatic.com/firebasejs/11.3.1/firebase-firestore.js","firestore/lite":"https://www.gstatic.com/firebasejs/11.3.1/firebase-firestore/lite.js","installations":"https://www.gstatic.com/firebasejs/11.3.1/firebase-installations.js","storage":"https://www.gstatic.com/firebasejs/11.3.1/firebase-storage.js","performance":"https://www.gstatic.com/firebasejs/11.3.1/firebase-performance.js","remote-config":"https://www.gstatic.com/firebasejs/11.3.1/firebase-remote-config.js","messaging":"https://www.gstatic.com/firebasejs/11.3.1/firebase-messaging.js","messaging/sw":"https://www.gstatic.com/firebasejs/11.3.1/firebase-messaging/sw.js","database":"https://www.gstatic.com/firebasejs/11.3.1/firebase-database.js","vertexai":"https://www.gstatic.com/firebasejs/11.3.1/firebase-vertexai.js","data-connect":"https://www.gstatic.com/firebasejs/11.3.1/firebase-data-connect.js","firestore.memory":"https://www.gstatic.com/firebasejs/11.3.1/firebase-firestore.memory.js"}}
[info] +  Wrote static/index.html 
[info] 
[info] i  Didn't detect a .git folder. Assuming C:\Users\ADMIN\OneDrive\D\Marand\Test\simple_firebase_project is the project root. 
[info] i  Authorizing with GitHub to upload your service account to a GitHub repository's secrets store. 
[info] 
[info] Visit this URL on this device to log in:
[info] https://github.com/login/oauth/authorize?client_id=89cf50f02ac6aaed3484&state=379535472&redirect_uri=http%3A%2F%2Flocalhost%3A9005&scope=read%3Auser%20repo%20public_repo
[info] 
[info] Waiting for authentication...
[debug] [2025-02-22T20:51:14.670Z] >>> [apiv2][query] POST https://github.com/login/oauth/access_token [none]
[debug] [2025-02-22T20:51:14.670Z] >>> [apiv2][body] POST https://github.com/login/oauth/access_token [stream]
[debug] [2025-02-22T20:51:15.354Z] <<< [apiv2][status] POST https://github.com/login/oauth/access_token 200
[debug] [2025-02-22T20:51:15.354Z] <<< [apiv2][body] POST https://github.com/login/oauth/access_token {"access_token":"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","token_type":"bearer","scope":"read:user,repo"}
[debug] [2025-02-22T20:51:15.361Z] >>> [apiv2][query] GET https://api.github.com/user [none]
[debug] [2025-02-22T20:51:16.298Z] <<< [apiv2][status] GET https://api.github.com/user 200
[debug] [2025-02-22T20:51:16.298Z] <<< [apiv2][body] GET https://api.github.com/user {"login":"iMarand","id":86898120,"node_id":"MDQ6VXNlcjg2ODk4MTIw","avatar_url":"https://avatars.githubusercontent.com/u/86898120?v=4","gravatar_id":"","url":"https://api.github.com/users/iMarand","html_url":"https://github.com/iMarand","followers_url":"https://api.github.com/users/iMarand/followers","following_url":"https://api.github.com/users/iMarand/following{/other_user}","gists_url":"https://api.github.com/users/iMarand/gists{/gist_id}","starred_url":"https://api.github.com/users/iMarand/starred{/owner}{/repo}","subscriptions_url":"https://api.github.com/users/iMarand/subscriptions","organizations_url":"https://api.github.com/users/iMarand/orgs","repos_url":"https://api.github.com/users/iMarand/repos","events_url":"https://api.github.com/users/iMarand/events{/privacy}","received_events_url":"https://api.github.com/users/iMarand/received_events","type":"User","user_view_type":"private","site_admin":false,"name":"Marand","company":null,"blog":"","location":null,"email":null,"hireable":true,"bio":null,"twitter_username":null,"notification_email":null,"public_repos":4,"public_gists":0,"followers":1,"following":1,"created_at":"2021-07-04T00:25:20Z","updated_at":"2025-02-01T15:09:43Z","private_gists":0,"total_private_repos":5,"owned_private_repos":5,"disk_usage":191631,"collaborators":0,"two_factor_authentication":true,"plan":{"name":"free","space":976562499,"collaborators":0,"private_repos":10000}}
[info] 
[info] +  Success! Logged into GitHub as iMarand 
[info] 
